<?xml version="1.0" encoding="UTF-8"?>
<!-- Generated by org.testng.reporters.JUnitXMLReporter -->
<testsuite hostname="DESKTOP-T9IJKIM" ignored="0" name="Lisener Test" tests="2" failures="1" timestamp="2020-05-31T22:56:28 EDT" time="0.053" errors="0">
  <testcase name="test1" time="0.011" classname="com.testng.class04.LisnerDemo"/>
  <testcase name="test2" time="0.002" classname="com.testng.class04.LisnerDemo">
    <failure type="java.lang.AssertionError" message="expected [true] but found [false]">
      <![CDATA[java.lang.AssertionError: expected [true] but found [false]
at com.testng.class04.LisnerDemo.test2(LisnerDemo.java:14)
at java.util.ArrayList.forEach(Unknown Source)
... Removed 31 stack frames]]>
    </failure>
  </testcase> <!-- test2 -->
</testsuite> <!-- Lisener Test -->
