<?xml version="1.0" encoding="UTF-8"?>
<!-- Generated by org.testng.reporters.JUnitXMLReporter -->
<testsuite hostname="DESKTOP-T9IJKIM" ignored="0" name="Test" tests="4" failures="0" timestamp="2020-05-28T21:04:22 EDT" time="44.089" errors="0">
  <testcase name="loginToSauceDemo" time="5.898" classname="com.testng.review.sauceDemoTest"/>
  <testcase name="loginToSauceDemo" time="4.253" classname="com.testng.review.sauceDemoTest"/>
  <testcase name="loginToSauceDemo" time="4.071" classname="com.testng.review.sauceDemoTest"/>
  <testcase name="loginToSauceDemo" time="4.161" classname="com.testng.review.sauceDemoTest"/>
</testsuite> <!-- Test -->
