<?xml version="1.0" encoding="UTF-8"?>
<!-- Generated by org.testng.reporters.JUnitXMLReporter -->
<testsuite hostname="DESKTOP-T9IJKIM" ignored="1" name="Test" tests="2" failures="0" timestamp="2020-05-24T19:37:02 EDT" time="28.022" errors="0">
  <testcase name="InvalidLogin" time="0.363" classname="com.test.Bayram"/>
  <testcase name="addEmployeePage" time="10.492" classname="com.test.AddEmployeeTest"/>
  <testcase name="validLogin" time="0.0" classname="com.test.Bayram">
    <ignored/>
  </testcase> <!-- validLogin -->
</testsuite> <!-- Test -->
