<?xml version="1.0" encoding="UTF-8"?>
<testng-results skipped="0" failed="0" ignored="0" total="1" passed="1">
  <reporter-output>
  </reporter-output>
  <suite name="Default suite" duration-ms="13712" started-at="2020-05-22T20:59:19 EDT" finished-at="2020-05-22T20:59:33 EDT">
    <groups>
    </groups>
    <test name="Default test" duration-ms="13712" started-at="2020-05-22T20:59:19 EDT" finished-at="2020-05-22T20:59:33 EDT">
      <class name="com.testng.class02.SoftAssort">
        <test-method status="PASS" signature="login()[pri:0, instance:com.testng.class02.SoftAssort@35d176f7]" name="login" is-config="true" duration-ms="5332" started-at="2020-05-22T20:59:19 EDT" finished-at="2020-05-22T20:59:25 EDT">
          <reporter-output>
          </reporter-output>
        </test-method> <!-- login -->
        <test-method status="PASS" signature="f()[pri:0, instance:com.testng.class02.SoftAssort@35d176f7]" name="f" duration-ms="7424" started-at="2020-05-22T20:59:25 EDT" finished-at="2020-05-22T20:59:32 EDT">
          <reporter-output>
          </reporter-output>
        </test-method> <!-- f -->
        <test-method status="PASS" signature="quit()[pri:0, instance:com.testng.class02.SoftAssort@35d176f7]" name="quit" is-config="true" duration-ms="915" started-at="2020-05-22T20:59:32 EDT" finished-at="2020-05-22T20:59:33 EDT">
          <reporter-output>
          </reporter-output>
        </test-method> <!-- quit -->
      </class> <!-- com.testng.class02.SoftAssort -->
    </test> <!-- Default test -->
  </suite> <!-- Default suite -->
</testng-results>
