<?xml version="1.0" encoding="UTF-8"?>
<!-- Generated by org.testng.reporters.JUnitXMLReporter -->
<testsuite hostname="DESKTOP-T9IJKIM" ignored="0" name="Homework Test" tests="4" failures="4" timestamp="2020-05-31T22:30:51 EDT" time="0.569" errors="0">
  <testcase name="test" time="0.006" classname="com.testng.class04.HW">
    <failure type="java.lang.NullPointerException">
      <![CDATA[java.lang.NullPointerException
at com.utils.ConfigsReader.getProperty(ConfigsReader.java:37)
at com.testng.class04.HW.test(HW.java:17)
at java.util.ArrayList.forEach(Unknown Source)
... Removed 27 stack frames]]>
    </failure>
  </testcase> <!-- test -->
  <testcase name="test" time="0.004" classname="com.testng.class04.HW">
    <failure type="java.lang.NullPointerException">
      <![CDATA[java.lang.NullPointerException
at com.utils.ConfigsReader.getProperty(ConfigsReader.java:37)
at com.testng.class04.HW.test(HW.java:17)
at java.util.ArrayList.forEach(Unknown Source)
... Removed 27 stack frames]]>
    </failure>
  </testcase> <!-- test -->
  <testcase name="test" time="0.001" classname="com.testng.class04.HW">
    <failure type="java.lang.NullPointerException">
      <![CDATA[java.lang.NullPointerException
at com.utils.ConfigsReader.getProperty(ConfigsReader.java:37)
at com.testng.class04.HW.test(HW.java:17)
at java.util.ArrayList.forEach(Unknown Source)
... Removed 27 stack frames]]>
    </failure>
  </testcase> <!-- test -->
  <testcase name="test" time="0.001" classname="com.testng.class04.HW">
    <failure type="java.lang.NullPointerException">
      <![CDATA[java.lang.NullPointerException
at com.utils.ConfigsReader.getProperty(ConfigsReader.java:37)
at com.testng.class04.HW.test(HW.java:17)
at java.util.ArrayList.forEach(Unknown Source)
... Removed 27 stack frames]]>
    </failure>
  </testcase> <!-- test -->
</testsuite> <!-- Homework Test -->
